<?xml version="1.0" encoding="UTF-8"?>
<coverage generated="1522109031201" clover="3.2.0">
  <project timestamp="1522109031201" name="All files">
    <metrics statements="721" coveredstatements="366" conditionals="252" coveredconditionals="64" methods="223" coveredmethods="115" elements="1196" coveredelements="545" complexity="0" loc="721" ncloc="721" packages="8" files="38" classes="38">
      <package name="CicloDeVida">
        <metrics statements="3" coveredstatements="3" conditionals="0" coveredconditionals="0" methods="1" coveredmethods="1"/>
        <file name="App.js" path="/home/conrado/Projetos/CicloDeVida/App.js">
          <metrics statements="3" coveredstatements="3" conditionals="0" coveredconditionals="0" methods="1" coveredmethods="1"/>
          <line num="13" count="1" type="stmt"/>
          <line num="29" count="1" type="stmt"/>
          <line num="37" count="1" type="stmt"/>
        </file>
      </package>
      <package name="CicloDeVida.src.components">
        <metrics statements="371" coveredstatements="189" conditionals="114" coveredconditionals="20" methods="97" coveredmethods="52"/>
        <file name="AposentadoriaScreen.js" path="/home/conrado/Projetos/CicloDeVida/src/components/AposentadoriaScreen.js">
          <metrics statements="77" coveredstatements="48" conditionals="18" coveredconditionals="3" methods="18" coveredmethods="9"/>
          <line num="24" count="2" type="stmt"/>
          <line num="26" count="2" type="stmt"/>
          <line num="27" count="2" type="stmt"/>
          <line num="28" count="2" type="stmt"/>
          <line num="39" count="1" type="stmt"/>
          <line num="40" count="1" type="stmt"/>
          <line num="48" count="1" type="stmt"/>
          <line num="49" count="1" type="stmt"/>
          <line num="50" count="1" type="stmt"/>
          <line num="52" count="1" type="stmt"/>
          <line num="53" count="1" type="stmt"/>
          <line num="54" count="1" type="stmt"/>
          <line num="58" count="1" type="stmt"/>
          <line num="59" count="1" type="stmt"/>
          <line num="63" count="0" type="stmt"/>
          <line num="64" count="0" type="stmt"/>
          <line num="65" count="0" type="cond" truecount="0" falsecount="2"/>
          <line num="67" count="0" type="stmt"/>
          <line num="68" count="0" type="stmt"/>
          <line num="70" count="0" type="stmt"/>
          <line num="75" count="0" type="stmt"/>
          <line num="76" count="0" type="stmt"/>
          <line num="80" count="1" type="stmt"/>
          <line num="82" count="1" type="stmt"/>
          <line num="86" count="3" type="stmt"/>
          <line num="88" count="3" type="stmt"/>
          <line num="92" count="0" type="cond" truecount="0" falsecount="2"/>
          <line num="94" count="0" type="stmt"/>
          <line num="95" count="0" type="stmt"/>
          <line num="97" count="0" type="stmt"/>
          <line num="101" count="2" type="stmt"/>
          <line num="103" count="2" type="cond" truecount="1" falsecount="1"/>
          <line num="105" count="2" type="stmt"/>
          <line num="106" count="2" type="stmt"/>
          <line num="108" count="2" type="stmt"/>
          <line num="112" count="1" type="stmt"/>
          <line num="113" count="1" type="cond" truecount="1" falsecount="1"/>
          <line num="114" count="0" type="stmt"/>
          <line num="116" count="1" type="stmt"/>
          <line num="120" count="1" type="stmt"/>
          <line num="121" count="1" type="stmt"/>
          <line num="122" count="1" type="stmt"/>
          <line num="123" count="1" type="stmt"/>
          <line num="124" count="1" type="stmt"/>
          <line num="125" count="1" type="stmt"/>
          <line num="126" count="1" type="stmt"/>
          <line num="127" count="1" type="stmt"/>
          <line num="128" count="1" type="stmt"/>
          <line num="129" count="1" type="stmt"/>
          <line num="133" count="1" type="stmt"/>
          <line num="134" count="600" type="stmt"/>
          <line num="135" count="600" type="stmt"/>
          <line num="139" count="1" type="stmt"/>
          <line num="140" count="50" type="stmt"/>
          <line num="143" count="1" type="stmt"/>
          <line num="145" count="1" type="stmt"/>
          <line num="149" count="0" type="stmt"/>
          <line num="150" count="0" type="stmt"/>
          <line num="151" count="0" type="stmt"/>
          <line num="155" count="0" type="stmt"/>
          <line num="159" count="0" type="stmt"/>
          <line num="163" count="1" type="cond" truecount="1" falsecount="1"/>
          <line num="164" count="1" type="stmt"/>
          <line num="165" count="1" type="stmt"/>
          <line num="166" count="1" type="stmt"/>
          <line num="173" count="0" type="stmt"/>
          <line num="175" count="0" type="stmt"/>
          <line num="176" count="0" type="stmt"/>
          <line num="177" count="0" type="stmt"/>
          <line num="178" count="0" type="stmt"/>
          <line num="181" count="0" type="cond" truecount="0" falsecount="2"/>
          <line num="182" count="0" type="cond" truecount="0" falsecount="2"/>
          <line num="183" count="0" type="cond" truecount="0" falsecount="2"/>
          <line num="184" count="0" type="cond" truecount="0" falsecount="2"/>
          <line num="186" count="0" type="stmt"/>
          <line num="190" count="1" type="stmt"/>
          <line num="258" count="0" type="stmt"/>
        </file>
        <file name="ConsumoScreen.js" path="/home/conrado/Projetos/CicloDeVida/src/components/ConsumoScreen.js">
          <metrics statements="37" coveredstatements="27" conditionals="4" coveredconditionals="1" methods="12" coveredmethods="9"/>
          <line num="17" count="2" type="stmt"/>
          <line num="18" count="2" type="stmt"/>
          <line num="20" count="2" type="stmt"/>
          <line num="21" count="2" type="stmt"/>
          <line num="22" count="2" type="stmt"/>
          <line num="33" count="1" type="stmt"/>
          <line num="34" count="1" type="stmt"/>
          <line num="38" count="1" type="stmt"/>
          <line num="39" count="1" type="stmt"/>
          <line num="40" count="1" type="stmt"/>
          <line num="44" count="1" type="stmt"/>
          <line num="45" count="1" type="stmt"/>
          <line num="46" count="1" type="stmt"/>
          <line num="50" count="0" type="stmt"/>
          <line num="51" count="0" type="stmt"/>
          <line num="52" count="0" type="cond" truecount="0" falsecount="2"/>
          <line num="54" count="0" type="stmt"/>
          <line num="55" count="0" type="stmt"/>
          <line num="57" count="0" type="stmt"/>
          <line num="62" count="0" type="stmt"/>
          <line num="63" count="0" type="stmt"/>
          <line num="67" count="2" type="stmt"/>
          <line num="69" count="2" type="stmt"/>
          <line num="73" count="2" type="stmt"/>
          <line num="75" count="2" type="stmt"/>
          <line num="79" count="2" type="stmt"/>
          <line num="81" count="2" type="stmt"/>
          <line num="85" count="2" type="stmt"/>
          <line num="87" count="2" type="stmt"/>
          <line num="91" count="1" type="stmt"/>
          <line num="92" count="1" type="cond" truecount="1" falsecount="1"/>
          <line num="93" count="1" type="stmt"/>
          <line num="95" count="1" type="stmt"/>
          <line num="96" count="1" type="stmt"/>
          <line num="102" count="0" type="stmt"/>
          <line num="104" count="0" type="stmt"/>
          <line num="108" count="1" type="stmt"/>
        </file>
        <file name="HomeScreen.js" path="/home/conrado/Projetos/CicloDeVida/src/components/HomeScreen.js">
          <metrics statements="73" coveredstatements="14" conditionals="34" coveredconditionals="1" methods="15" coveredmethods="4"/>
          <line num="24" count="2" type="stmt"/>
          <line num="25" count="2" type="stmt"/>
          <line num="26" count="2" type="stmt"/>
          <line num="37" count="2" type="stmt"/>
          <line num="38" count="2" type="stmt"/>
          <line num="49" count="2" type="stmt"/>
          <line num="50" count="2" type="stmt"/>
          <line num="51" count="2" type="stmt"/>
          <line num="53" count="2" type="stmt"/>
          <line num="54" count="2" type="stmt"/>
          <line num="58" count="2" type="stmt"/>
          <line num="67" count="2" type="stmt"/>
          <line num="76" count="0" type="stmt"/>
          <line num="77" count="0" type="stmt"/>
          <line num="78" count="0" type="cond" truecount="0" falsecount="2"/>
          <line num="80" count="0" type="stmt"/>
          <line num="81" count="0" type="stmt"/>
          <line num="83" count="0" type="stmt"/>
          <line num="87" count="0" type="stmt"/>
          <line num="88" count="0" type="stmt"/>
          <line num="93" count="0" type="stmt"/>
          <line num="97" count="0" type="stmt"/>
          <line num="101" count="2" type="cond" truecount="1" falsecount="1"/>
          <line num="102" count="0" type="stmt"/>
          <line num="103" count="0" type="stmt"/>
          <line num="104" count="0" type="stmt"/>
          <line num="112" count="0" type="stmt"/>
          <line num="114" count="0" type="stmt"/>
          <line num="115" count="0" type="stmt"/>
          <line num="116" count="0" type="stmt"/>
          <line num="117" count="0" type="stmt"/>
          <line num="118" count="0" type="stmt"/>
          <line num="119" count="0" type="stmt"/>
          <line num="120" count="0" type="stmt"/>
          <line num="124" count="0" type="cond" truecount="0" falsecount="2"/>
          <line num="125" count="0" type="stmt"/>
          <line num="126" count="0" type="stmt"/>
          <line num="127" count="0" type="stmt"/>
          <line num="129" count="0" type="cond" truecount="0" falsecount="2"/>
          <line num="130" count="0" type="stmt"/>
          <line num="131" count="0" type="stmt"/>
          <line num="132" count="0" type="stmt"/>
          <line num="136" count="0" type="cond" truecount="0" falsecount="2"/>
          <line num="137" count="0" type="stmt"/>
          <line num="138" count="0" type="stmt"/>
          <line num="142" count="0" type="cond" truecount="0" falsecount="2"/>
          <line num="143" count="0" type="stmt"/>
          <line num="144" count="0" type="stmt"/>
          <line num="150" count="0" type="cond" truecount="0" falsecount="4"/>
          <line num="151" count="0" type="stmt"/>
          <line num="152" count="0" type="stmt"/>
          <line num="153" count="0" type="stmt"/>
          <line num="157" count="0" type="cond" truecount="0" falsecount="2"/>
          <line num="158" count="0" type="stmt"/>
          <line num="159" count="0" type="stmt"/>
          <line num="163" count="0" type="cond" truecount="0" falsecount="2"/>
          <line num="164" count="0" type="stmt"/>
          <line num="165" count="0" type="stmt"/>
          <line num="166" count="0" type="stmt"/>
          <line num="170" count="0" type="cond" truecount="0" falsecount="2"/>
          <line num="171" count="0" type="cond" truecount="0" falsecount="2"/>
          <line num="172" count="0" type="cond" truecount="0" falsecount="2"/>
          <line num="173" count="0" type="cond" truecount="0" falsecount="2"/>
          <line num="174" count="0" type="cond" truecount="0" falsecount="2"/>
          <line num="175" count="0" type="cond" truecount="0" falsecount="2"/>
          <line num="176" count="0" type="cond" truecount="0" falsecount="2"/>
          <line num="179" count="0" type="stmt"/>
          <line num="183" count="2" type="stmt"/>
          <line num="209" count="0" type="stmt"/>
          <line num="222" count="0" type="stmt"/>
          <line num="246" count="0" type="stmt"/>
          <line num="256" count="0" type="stmt"/>
          <line num="294" count="0" type="stmt"/>
        </file>
        <file name="PatrimonioScreen.js" path="/home/conrado/Projetos/CicloDeVida/src/components/PatrimonioScreen.js">
          <metrics statements="57" coveredstatements="28" conditionals="26" coveredconditionals="7" methods="14" coveredmethods="7"/>
          <line num="21" count="2" type="stmt"/>
          <line num="22" count="2" type="stmt"/>
          <line num="23" count="2" type="stmt"/>
          <line num="24" count="2" type="stmt"/>
          <line num="35" count="1" type="stmt"/>
          <line num="36" count="1" type="stmt"/>
          <line num="43" count="1" type="stmt"/>
          <line num="44" count="1" type="stmt"/>
          <line num="45" count="1" type="stmt"/>
          <line num="47" count="1" type="stmt"/>
          <line num="48" count="1" type="stmt"/>
          <line num="49" count="1" type="stmt"/>
          <line num="53" count="1" type="stmt"/>
          <line num="57" count="0" type="stmt"/>
          <line num="58" count="0" type="stmt"/>
          <line num="59" count="0" type="cond" truecount="0" falsecount="2"/>
          <line num="61" count="0" type="stmt"/>
          <line num="62" count="0" type="stmt"/>
          <line num="64" count="0" type="stmt"/>
          <line num="69" count="0" type="stmt"/>
          <line num="70" count="0" type="stmt"/>
          <line num="74" count="1" type="stmt"/>
          <line num="75" count="1" type="stmt"/>
          <line num="76" count="1" type="stmt"/>
          <line num="77" count="1" type="stmt"/>
          <line num="79" count="1" type="cond" truecount="1" falsecount="1"/>
          <line num="80" count="1" type="stmt"/>
          <line num="83" count="0" type="cond" truecount="0" falsecount="4"/>
          <line num="84" count="0" type="stmt"/>
          <line num="87" count="0" type="stmt"/>
          <line num="91" count="1" type="cond" truecount="1" falsecount="1"/>
          <line num="92" count="0" type="stmt"/>
          <line num="94" count="1" type="stmt"/>
          <line num="98" count="1" type="stmt"/>
          <line num="100" count="1" type="cond" truecount="1" falsecount="1"/>
          <line num="101" count="0" type="stmt"/>
          <line num="103" count="1" type="cond" truecount="1" falsecount="1"/>
          <line num="104" count="0" type="stmt"/>
          <line num="109" count="1" type="cond" truecount="2" falsecount="2"/>
          <line num="110" count="0" type="stmt"/>
          <line num="115" count="1" type="stmt"/>
          <line num="119" count="0" type="stmt"/>
          <line num="123" count="0" type="stmt"/>
          <line num="127" count="0" type="stmt"/>
          <line num="131" count="1" type="cond" truecount="1" falsecount="1"/>
          <line num="132" count="0" type="stmt"/>
          <line num="133" count="0" type="stmt"/>
          <line num="134" count="0" type="stmt"/>
          <line num="142" count="0" type="stmt"/>
          <line num="144" count="0" type="stmt"/>
          <line num="145" count="0" type="stmt"/>
          <line num="146" count="0" type="stmt"/>
          <line num="149" count="0" type="cond" truecount="0" falsecount="2"/>
          <line num="150" count="0" type="cond" truecount="0" falsecount="2"/>
          <line num="151" count="0" type="cond" truecount="0" falsecount="2"/>
          <line num="153" count="0" type="stmt"/>
          <line num="157" count="1" type="stmt"/>
        </file>
        <file name="ReservaScreen.js" path="/home/conrado/Projetos/CicloDeVida/src/components/ReservaScreen.js">
          <metrics statements="67" coveredstatements="34" conditionals="24" coveredconditionals="7" methods="16" coveredmethods="10"/>
          <line num="21" count="2" type="stmt"/>
          <line num="22" count="2" type="stmt"/>
          <line num="23" count="2" type="stmt"/>
          <line num="34" count="1" type="stmt"/>
          <line num="35" count="1" type="stmt"/>
          <line num="41" count="1" type="stmt"/>
          <line num="42" count="1" type="stmt"/>
          <line num="43" count="1" type="stmt"/>
          <line num="45" count="1" type="stmt"/>
          <line num="46" count="1" type="stmt"/>
          <line num="50" count="1" type="stmt"/>
          <line num="51" count="1" type="stmt"/>
          <line num="52" count="1" type="stmt"/>
          <line num="56" count="0" type="stmt"/>
          <line num="57" count="0" type="stmt"/>
          <line num="58" count="0" type="cond" truecount="0" falsecount="2"/>
          <line num="60" count="0" type="stmt"/>
          <line num="61" count="0" type="stmt"/>
          <line num="63" count="0" type="stmt"/>
          <line num="68" count="0" type="stmt"/>
          <line num="69" count="0" type="stmt"/>
          <line num="73" count="0" type="cond" truecount="0" falsecount="2"/>
          <line num="75" count="0" type="stmt"/>
          <line num="76" count="0" type="stmt"/>
          <line num="78" count="0" type="stmt"/>
          <line num="82" count="1" type="stmt"/>
          <line num="83" count="1" type="cond" truecount="1" falsecount="1"/>
          <line num="84" count="0" type="stmt"/>
          <line num="85" count="0" type="stmt"/>
          <line num="87" count="1" type="stmt"/>
          <line num="91" count="3" type="stmt"/>
          <line num="93" count="3" type="cond" truecount="1" falsecount="1"/>
          <line num="95" count="0" type="stmt"/>
          <line num="97" count="3" type="stmt"/>
          <line num="101" count="2" type="stmt"/>
          <line num="103" count="2" type="stmt"/>
          <line num="107" count="1" type="stmt"/>
          <line num="108" count="1" type="stmt"/>
          <line num="109" count="1" type="cond" truecount="1" falsecount="1"/>
          <line num="110" count="0" type="stmt"/>
          <line num="111" count="0" type="stmt"/>
          <line num="112" count="0" type="cond" truecount="0" falsecount="2"/>
          <line num="113" count="0" type="stmt"/>
          <line num="116" count="1" type="stmt"/>
          <line num="120" count="1" type="stmt"/>
          <line num="121" count="1" type="cond" truecount="1" falsecount="1"/>
          <line num="122" count="0" type="stmt"/>
          <line num="127" count="1" type="cond" truecount="1" falsecount="1"/>
          <line num="128" count="0" type="stmt"/>
          <line num="133" count="1" type="stmt"/>
          <line num="139" count="0" type="stmt"/>
          <line num="140" count="0" type="stmt"/>
          <line num="141" count="0" type="stmt"/>
          <line num="145" count="0" type="stmt"/>
          <line num="146" count="0" type="stmt"/>
          <line num="147" count="0" type="stmt"/>
          <line num="151" count="1" type="cond" truecount="1" falsecount="1"/>
          <line num="152" count="1" type="stmt"/>
          <line num="153" count="1" type="stmt"/>
          <line num="154" count="1" type="stmt"/>
          <line num="161" count="0" type="stmt"/>
          <line num="163" count="0" type="stmt"/>
          <line num="164" count="0" type="stmt"/>
          <line num="167" count="0" type="cond" truecount="0" falsecount="2"/>
          <line num="168" count="0" type="cond" truecount="0" falsecount="2"/>
          <line num="170" count="0" type="stmt"/>
          <line num="174" count="1" type="stmt"/>
        </file>
        <file name="ResultadoScreen.js" path="/home/conrado/Projetos/CicloDeVida/src/components/ResultadoScreen.js">
          <metrics statements="9" coveredstatements="3" conditionals="2" coveredconditionals="0" methods="4" coveredmethods="2"/>
          <line num="26" count="1" type="stmt"/>
          <line num="27" count="1" type="stmt"/>
          <line num="36" count="0" type="stmt"/>
          <line num="37" count="0" type="cond" truecount="0" falsecount="2"/>
          <line num="39" count="0" type="stmt"/>
          <line num="40" count="0" type="stmt"/>
          <line num="42" count="0" type="stmt"/>
          <line num="47" count="0" type="stmt"/>
          <line num="52" count="1" type="stmt"/>
        </file>
        <file name="SegurancaScreen.js" path="/home/conrado/Projetos/CicloDeVida/src/components/SegurancaScreen.js">
          <metrics statements="51" coveredstatements="35" conditionals="6" coveredconditionals="1" methods="18" coveredmethods="11"/>
          <line num="19" count="2" type="stmt"/>
          <line num="20" count="2" type="stmt"/>
          <line num="21" count="2" type="stmt"/>
          <line num="22" count="2" type="stmt"/>
          <line num="24" count="2" type="stmt"/>
          <line num="25" count="2" type="stmt"/>
          <line num="26" count="2" type="stmt"/>
          <line num="37" count="1" type="stmt"/>
          <line num="38" count="1" type="stmt"/>
          <line num="44" count="1" type="stmt"/>
          <line num="45" count="1" type="stmt"/>
          <line num="46" count="1" type="stmt"/>
          <line num="50" count="1" type="stmt"/>
          <line num="51" count="1" type="stmt"/>
          <line num="55" count="0" type="stmt"/>
          <line num="56" count="0" type="stmt"/>
          <line num="57" count="0" type="cond" truecount="0" falsecount="2"/>
          <line num="59" count="0" type="stmt"/>
          <line num="60" count="0" type="stmt"/>
          <line num="62" count="0" type="stmt"/>
          <line num="67" count="0" type="stmt"/>
          <line num="68" count="0" type="stmt"/>
          <line num="72" count="2" type="stmt"/>
          <line num="76" count="2" type="stmt"/>
          <line num="80" count="2" type="stmt"/>
          <line num="84" count="2" type="stmt"/>
          <line num="88" count="1" type="stmt"/>
          <line num="89" count="1" type="stmt"/>
          <line num="90" count="1" type="stmt"/>
          <line num="91" count="1" type="stmt"/>
          <line num="92" count="1" type="stmt"/>
          <line num="93" count="1" type="stmt"/>
          <line num="95" count="1" type="stmt"/>
          <line num="99" count="1" type="stmt"/>
          <line num="100" count="1" type="stmt"/>
          <line num="104" count="1" type="stmt"/>
          <line num="106" count="1" type="stmt"/>
          <line num="110" count="0" type="stmt"/>
          <line num="111" count="0" type="stmt"/>
          <line num="115" count="1" type="stmt"/>
          <line num="116" count="1" type="cond" truecount="1" falsecount="1"/>
          <line num="117" count="1" type="stmt"/>
          <line num="119" count="1" type="stmt"/>
          <line num="120" count="1" type="stmt"/>
          <line num="126" count="0" type="stmt"/>
          <line num="128" count="0" type="stmt"/>
          <line num="131" count="0" type="cond" truecount="0" falsecount="2"/>
          <line num="133" count="0" type="stmt"/>
          <line num="137" count="1" type="stmt"/>
          <line num="188" count="0" type="stmt"/>
          <line num="189" count="0" type="stmt"/>
        </file>
      </package>
      <package name="CicloDeVida.src.components.aposentadoria">
        <metrics statements="32" coveredstatements="18" conditionals="6" coveredconditionals="2" methods="16" coveredmethods="8"/>
        <file name="SliderDisponib.js" path="/home/conrado/Projetos/CicloDeVida/src/components/aposentadoria/SliderDisponib.js">
          <metrics statements="21" coveredstatements="11" conditionals="6" coveredconditionals="2" methods="8" coveredmethods="4"/>
          <line num="12" count="3" type="stmt"/>
          <line num="16" count="2" type="stmt"/>
          <line num="17" count="2" type="stmt"/>
          <line num="21" count="0" type="stmt"/>
          <line num="23" count="0" type="stmt"/>
          <line num="27" count="2" type="cond" truecount="1" falsecount="1"/>
          <line num="29" count="2" type="stmt"/>
          <line num="30" count="2" type="stmt"/>
          <line num="32" count="2" type="stmt"/>
          <line num="36" count="0" type="stmt"/>
          <line num="38" count="0" type="cond" truecount="0" falsecount="2"/>
          <line num="40" count="0" type="stmt"/>
          <line num="41" count="0" type="stmt"/>
          <line num="43" count="0" type="stmt"/>
          <line num="47" count="2" type="stmt"/>
          <line num="48" count="2" type="cond" truecount="1" falsecount="1"/>
          <line num="49" count="2" type="stmt"/>
          <line num="51" count="0" type="stmt"/>
          <line num="55" count="2" type="stmt"/>
          <line num="69" count="0" type="stmt"/>
          <line num="70" count="0" type="stmt"/>
        </file>
        <file name="SliderIdade.js" path="/home/conrado/Projetos/CicloDeVida/src/components/aposentadoria/SliderIdade.js">
          <metrics statements="6" coveredstatements="4" conditionals="0" coveredconditionals="0" methods="4" coveredmethods="2"/>
          <line num="11" count="3" type="stmt"/>
          <line num="15" count="2" type="stmt"/>
          <line num="16" count="2" type="stmt"/>
          <line num="20" count="2" type="stmt"/>
          <line num="34" count="0" type="stmt"/>
          <line num="35" count="0" type="stmt"/>
        </file>
        <file name="SliderTaxa.js" path="/home/conrado/Projetos/CicloDeVida/src/components/aposentadoria/SliderTaxa.js">
          <metrics statements="5" coveredstatements="3" conditionals="0" coveredconditionals="0" methods="4" coveredmethods="2"/>
          <line num="12" count="1" type="stmt"/>
          <line num="13" count="1" type="stmt"/>
          <line num="17" count="1" type="stmt"/>
          <line num="31" count="0" type="stmt"/>
          <line num="32" count="0" type="stmt"/>
        </file>
      </package>
      <package name="CicloDeVida.src.components.functions">
        <metrics statements="258" coveredstatements="114" conditionals="124" coveredconditionals="38" methods="79" coveredmethods="37"/>
        <file name="Cabecalho.js" path="/home/conrado/Projetos/CicloDeVida/src/components/functions/Cabecalho.js">
          <metrics statements="3" coveredstatements="3" conditionals="0" coveredconditionals="0" methods="1" coveredmethods="1"/>
          <line num="5" count="9" type="stmt"/>
          <line num="21" count="9" type="stmt"/>
          <line num="22" count="15" type="stmt"/>
        </file>
        <file name="Ciclo.js" path="/home/conrado/Projetos/CicloDeVida/src/components/functions/Ciclo.js">
          <metrics statements="195" coveredstatements="66" conditionals="106" coveredconditionals="24" methods="63" coveredmethods="27"/>
          <line num="140" count="24" type="cond" truecount="2" falsecount="0"/>
          <line num="141" count="11" type="stmt"/>
          <line num="143" count="24" type="stmt"/>
          <line num="144" count="24" type="stmt"/>
          <line num="145" count="24" type="stmt"/>
          <line num="149" count="0" type="stmt"/>
          <line num="153" count="0" type="stmt"/>
          <line num="157" count="8" type="stmt"/>
          <line num="176" count="8" type="stmt"/>
          <line num="178" count="8" type="cond" truecount="1" falsecount="1"/>
          <line num="179" count="0" type="stmt"/>
          <line num="182" count="8" type="stmt"/>
          <line num="188" count="4" type="stmt"/>
          <line num="189" count="4" type="stmt"/>
          <line num="192" count="4" type="cond" truecount="1" falsecount="1"/>
          <line num="193" count="4" type="cond" truecount="6" falsecount="2"/>
          <line num="195" count="0" type="stmt"/>
          <line num="196" count="0" type="stmt"/>
          <line num="199" count="1" type="stmt"/>
          <line num="202" count="2" type="stmt"/>
          <line num="204" count="2" type="stmt"/>
          <line num="205" count="2" type="stmt"/>
          <line num="206" count="2" type="stmt"/>
          <line num="209" count="3" type="stmt"/>
          <line num="210" count="3" type="stmt"/>
          <line num="220" count="4" type="stmt"/>
          <line num="226" count="4" type="stmt"/>
          <line num="228" count="4" type="stmt"/>
          <line num="232" count="7" type="stmt"/>
          <line num="236" count="4" type="cond" truecount="1" falsecount="1"/>
          <line num="237" count="4" type="stmt"/>
          <line num="238" count="4" type="stmt"/>
          <line num="241" count="0" type="cond" truecount="0" falsecount="2"/>
          <line num="242" count="0" type="stmt"/>
          <line num="243" count="0" type="stmt"/>
          <line num="246" count="0" type="cond" truecount="0" falsecount="2"/>
          <line num="247" count="0" type="stmt"/>
          <line num="248" count="0" type="stmt"/>
          <line num="251" count="0" type="stmt"/>
          <line num="252" count="0" type="stmt"/>
          <line num="256" count="1" type="stmt"/>
          <line num="258" count="1" type="stmt"/>
          <line num="259" count="1" type="stmt"/>
          <line num="261" count="1" type="cond" truecount="1" falsecount="1"/>
          <line num="262" count="0" type="stmt"/>
          <line num="264" count="1" type="stmt"/>
          <line num="268" count="6" type="cond" truecount="1" falsecount="1"/>
          <line num="269" count="0" type="stmt"/>
          <line num="271" count="6" type="stmt"/>
          <line num="275" count="0" type="stmt"/>
          <line num="281" count="3" type="stmt"/>
          <line num="282" count="3" type="stmt"/>
          <line num="286" count="2" type="cond" truecount="1" falsecount="1"/>
          <line num="287" count="0" type="stmt"/>
          <line num="288" count="0" type="stmt"/>
          <line num="290" count="2" type="stmt"/>
          <line num="294" count="0" type="cond" truecount="0" falsecount="2"/>
          <line num="295" count="0" type="stmt"/>
          <line num="297" count="0" type="stmt"/>
          <line num="301" count="4" type="cond" truecount="1" falsecount="1"/>
          <line num="302" count="0" type="stmt"/>
          <line num="303" count="0" type="stmt"/>
          <line num="305" count="0" type="stmt"/>
          <line num="307" count="4" type="stmt"/>
          <line num="311" count="4" type="cond" truecount="1" falsecount="1"/>
          <line num="312" count="0" type="stmt"/>
          <line num="313" count="0" type="stmt"/>
          <line num="315" count="0" type="stmt"/>
          <line num="317" count="4" type="stmt"/>
          <line num="321" count="4" type="cond" truecount="1" falsecount="1"/>
          <line num="322" count="0" type="stmt"/>
          <line num="323" count="0" type="stmt"/>
          <line num="325" count="0" type="stmt"/>
          <line num="327" count="4" type="stmt"/>
          <line num="331" count="1" type="cond" truecount="1" falsecount="1"/>
          <line num="332" count="0" type="stmt"/>
          <line num="333" count="0" type="stmt"/>
          <line num="334" count="0" type="stmt"/>
          <line num="335" count="0" type="stmt"/>
          <line num="337" count="0" type="stmt"/>
          <line num="339" count="1" type="stmt"/>
          <line num="343" count="4" type="cond" truecount="1" falsecount="1"/>
          <line num="344" count="0" type="stmt"/>
          <line num="346" count="0" type="stmt"/>
          <line num="348" count="4" type="stmt"/>
          <line num="352" count="4" type="cond" truecount="1" falsecount="1"/>
          <line num="353" count="0" type="stmt"/>
          <line num="355" count="0" type="stmt"/>
          <line num="357" count="4" type="stmt"/>
          <line num="361" count="2" type="cond" truecount="1" falsecount="1"/>
          <line num="362" count="0" type="stmt"/>
          <line num="364" count="0" type="stmt"/>
          <line num="366" count="2" type="stmt"/>
          <line num="370" count="2" type="cond" truecount="1" falsecount="1"/>
          <line num="371" count="0" type="stmt"/>
          <line num="373" count="0" type="stmt"/>
          <line num="375" count="2" type="stmt"/>
          <line num="379" count="0" type="stmt"/>
          <line num="383" count="0" type="stmt"/>
          <line num="393" count="0" type="stmt"/>
          <line num="396" count="0" type="cond" truecount="0" falsecount="2"/>
          <line num="397" count="0" type="stmt"/>
          <line num="403" count="0" type="stmt"/>
          <line num="406" count="0" type="cond" truecount="0" falsecount="2"/>
          <line num="407" count="0" type="stmt"/>
          <line num="409" count="0" type="cond" truecount="0" falsecount="2"/>
          <line num="410" count="0" type="stmt"/>
          <line num="412" count="0" type="cond" truecount="0" falsecount="2"/>
          <line num="413" count="0" type="stmt"/>
          <line num="415" count="0" type="stmt"/>
          <line num="420" count="7" type="stmt"/>
          <line num="423" count="0" type="cond" truecount="0" falsecount="2"/>
          <line num="424" count="0" type="stmt"/>
          <line num="426" count="0" type="cond" truecount="0" falsecount="2"/>
          <line num="427" count="0" type="stmt"/>
          <line num="429" count="0" type="stmt"/>
          <line num="434" count="0" type="stmt"/>
          <line num="437" count="0" type="cond" truecount="0" falsecount="2"/>
          <line num="438" count="0" type="stmt"/>
          <line num="440" count="0" type="cond" truecount="0" falsecount="4"/>
          <line num="441" count="0" type="stmt"/>
          <line num="443" count="0" type="stmt"/>
          <line num="448" count="0" type="stmt"/>
          <line num="451" count="0" type="cond" truecount="0" falsecount="2"/>
          <line num="452" count="0" type="stmt"/>
          <line num="454" count="0" type="cond" truecount="0" falsecount="4"/>
          <line num="455" count="0" type="stmt"/>
          <line num="457" count="0" type="stmt"/>
          <line num="462" count="30" type="stmt"/>
          <line num="465" count="0" type="cond" truecount="0" falsecount="2"/>
          <line num="466" count="0" type="stmt"/>
          <line num="468" count="0" type="cond" truecount="0" falsecount="2"/>
          <line num="469" count="0" type="stmt"/>
          <line num="471" count="0" type="stmt"/>
          <line num="476" count="1" type="stmt"/>
          <line num="479" count="0" type="cond" truecount="0" falsecount="2"/>
          <line num="480" count="0" type="stmt"/>
          <line num="482" count="0" type="cond" truecount="0" falsecount="2"/>
          <line num="483" count="0" type="stmt"/>
          <line num="485" count="0" type="stmt"/>
          <line num="490" count="2" type="stmt"/>
          <line num="493" count="0" type="cond" truecount="0" falsecount="2"/>
          <line num="494" count="0" type="stmt"/>
          <line num="496" count="0" type="stmt"/>
          <line num="502" count="5" type="stmt"/>
          <line num="505" count="0" type="cond" truecount="0" falsecount="2"/>
          <line num="506" count="0" type="stmt"/>
          <line num="508" count="0" type="stmt"/>
          <line num="514" count="5" type="stmt"/>
          <line num="517" count="0" type="cond" truecount="0" falsecount="2"/>
          <line num="518" count="0" type="stmt"/>
          <line num="520" count="0" type="stmt"/>
          <line num="526" count="3" type="cond" truecount="1" falsecount="1"/>
          <line num="527" count="0" type="stmt"/>
          <line num="529" count="3" type="stmt"/>
          <line num="532" count="0" type="cond" truecount="0" falsecount="2"/>
          <line num="533" count="0" type="stmt"/>
          <line num="535" count="0" type="stmt"/>
          <line num="541" count="4" type="cond" truecount="1" falsecount="1"/>
          <line num="542" count="0" type="stmt"/>
          <line num="544" count="4" type="stmt"/>
          <line num="547" count="0" type="cond" truecount="0" falsecount="2"/>
          <line num="548" count="0" type="stmt"/>
          <line num="550" count="0" type="stmt"/>
          <line num="556" count="2" type="stmt"/>
          <line num="559" count="0" type="cond" truecount="0" falsecount="2"/>
          <line num="560" count="0" type="stmt"/>
          <line num="562" count="0" type="stmt"/>
          <line num="568" count="0" type="stmt"/>
          <line num="571" count="0" type="cond" truecount="0" falsecount="2"/>
          <line num="572" count="0" type="stmt"/>
          <line num="574" count="0" type="stmt"/>
          <line num="580" count="0" type="stmt"/>
          <line num="583" count="0" type="stmt"/>
          <line num="584" count="0" type="cond" truecount="0" falsecount="2"/>
          <line num="585" count="0" type="stmt"/>
          <line num="587" count="0" type="stmt"/>
          <line num="593" count="0" type="stmt"/>
          <line num="596" count="0" type="cond" truecount="0" falsecount="2"/>
          <line num="597" count="0" type="stmt"/>
          <line num="599" count="0" type="stmt"/>
          <line num="605" count="1" type="stmt"/>
          <line num="608" count="0" type="stmt"/>
          <line num="609" count="0" type="cond" truecount="0" falsecount="2"/>
          <line num="610" count="0" type="stmt"/>
          <line num="612" count="0" type="stmt"/>
          <line num="618" count="0" type="stmt"/>
          <line num="621" count="0" type="cond" truecount="0" falsecount="2"/>
          <line num="622" count="0" type="stmt"/>
          <line num="628" count="0" type="stmt"/>
          <line num="631" count="0" type="cond" truecount="0" falsecount="2"/>
          <line num="632" count="0" type="stmt"/>
          <line num="638" count="0" type="stmt"/>
          <line num="641" count="0" type="cond" truecount="0" falsecount="2"/>
          <line num="642" count="0" type="stmt"/>
        </file>
        <file name="Controle.js" path="/home/conrado/Projetos/CicloDeVida/src/components/functions/Controle.js">
          <metrics statements="7" coveredstatements="1" conditionals="0" coveredconditionals="0" methods="1" coveredmethods="0"/>
          <line num="2" count="7" type="stmt"/>
          <line num="3" count="0" type="stmt"/>
          <line num="4" count="0" type="stmt"/>
          <line num="6" count="0" type="stmt"/>
          <line num="8" count="0" type="stmt"/>
          <line num="10" count="0" type="stmt"/>
          <line num="11" count="0" type="stmt"/>
        </file>
        <file name="Erro.js" path="/home/conrado/Projetos/CicloDeVida/src/components/functions/Erro.js">
          <metrics statements="1" coveredstatements="1" conditionals="0" coveredconditionals="0" methods="0" coveredmethods="0"/>
          <line num="1" count="11" type="stmt"/>
        </file>
        <file name="EstiloVoltar.js" path="/home/conrado/Projetos/CicloDeVida/src/components/functions/EstiloVoltar.js">
          <metrics statements="1" coveredstatements="1" conditionals="0" coveredconditionals="0" methods="0" coveredmethods="0"/>
          <line num="2" count="8" type="stmt"/>
        </file>
        <file name="LimiteDeErro.js" path="/home/conrado/Projetos/CicloDeVida/src/components/functions/LimiteDeErro.js">
          <metrics statements="7" coveredstatements="4" conditionals="2" coveredconditionals="1" methods="3" coveredmethods="2"/>
          <line num="8" count="4" type="stmt"/>
          <line num="9" count="4" type="stmt"/>
          <line num="14" count="0" type="stmt"/>
          <line num="17" count="0" type="stmt"/>
          <line num="21" count="4" type="cond" truecount="1" falsecount="1"/>
          <line num="23" count="0" type="stmt"/>
          <line num="25" count="4" type="stmt"/>
        </file>
        <file name="ModalErro.js" path="/home/conrado/Projetos/CicloDeVida/src/components/functions/ModalErro.js">
          <metrics statements="6" coveredstatements="4" conditionals="2" coveredconditionals="2" methods="3" coveredmethods="1"/>
          <line num="11" count="8" type="stmt"/>
          <line num="29" count="8" type="cond" truecount="2" falsecount="0"/>
          <line num="31" count="8" type="stmt"/>
          <line num="36" count="0" type="stmt"/>
          <line num="47" count="0" type="stmt"/>
          <line num="58" count="8" type="stmt"/>
        </file>
        <file name="Rodape.js" path="/home/conrado/Projetos/CicloDeVida/src/components/functions/Rodape.js">
          <metrics statements="3" coveredstatements="2" conditionals="0" coveredconditionals="0" methods="2" coveredmethods="1"/>
          <line num="14" count="8" type="stmt"/>
          <line num="15" count="8" type="stmt"/>
          <line num="29" count="0" type="stmt"/>
        </file>
        <file name="desmonetizar.js" path="/home/conrado/Projetos/CicloDeVida/src/components/functions/desmonetizar.js">
          <metrics statements="11" coveredstatements="11" conditionals="6" coveredconditionals="6" methods="1" coveredmethods="1"/>
          <line num="2" count="5" type="stmt"/>
          <line num="6" count="7" type="cond" truecount="2" falsecount="0"/>
          <line num="7" count="5" type="stmt"/>
          <line num="8" count="5" type="stmt"/>
          <line num="10" count="2" type="cond" truecount="2" falsecount="0"/>
          <line num="11" count="1" type="stmt"/>
          <line num="13" count="1" type="stmt"/>
          <line num="15" count="2" type="stmt"/>
          <line num="18" count="7" type="cond" truecount="2" falsecount="0"/>
          <line num="19" count="6" type="stmt"/>
          <line num="21" count="1" type="stmt"/>
        </file>
        <file name="hashcode.js" path="/home/conrado/Projetos/CicloDeVida/src/components/functions/hashcode.js">
          <metrics statements="4" coveredstatements="4" conditionals="0" coveredconditionals="0" methods="2" coveredmethods="2"/>
          <line num="2" count="11" type="stmt"/>
          <line num="3" count="24" type="stmt"/>
          <line num="4" count="312" type="stmt"/>
          <line num="5" count="312" type="stmt"/>
        </file>
        <file name="milhar.js" path="/home/conrado/Projetos/CicloDeVida/src/components/functions/milhar.js">
          <metrics statements="11" coveredstatements="11" conditionals="4" coveredconditionals="3" methods="1" coveredmethods="1"/>
          <line num="2" count="15" type="stmt"/>
          <line num="4" count="26" type="stmt"/>
          <line num="5" count="26" type="stmt"/>
          <line num="7" count="26" type="cond" truecount="1" falsecount="1"/>
          <line num="9" count="26" type="stmt"/>
          <line num="10" count="28" type="cond" truecount="2" falsecount="0"/>
          <line num="11" count="2" type="stmt"/>
          <line num="13" count="26" type="stmt"/>
          <line num="15" count="28" type="stmt"/>
          <line num="18" count="26" type="stmt"/>
          <line num="20" count="26" type="stmt"/>
        </file>
        <file name="monetizar.js" path="/home/conrado/Projetos/CicloDeVida/src/components/functions/monetizar.js">
          <metrics statements="4" coveredstatements="4" conditionals="2" coveredconditionals="2" methods="1" coveredmethods="1"/>
          <line num="3" count="15" type="stmt"/>
          <line num="4" count="41" type="cond" truecount="2" falsecount="0"/>
          <line num="5" count="26" type="stmt"/>
          <line num="7" count="15" type="stmt"/>
        </file>
        <file name="styles.js" path="/home/conrado/Projetos/CicloDeVida/src/components/functions/styles.js">
          <metrics statements="1" coveredstatements="1" conditionals="0" coveredconditionals="0" methods="0" coveredmethods="0"/>
          <line num="3" count="20" type="stmt"/>
        </file>
        <file name="validaEmail.js" path="/home/conrado/Projetos/CicloDeVida/src/components/functions/validaEmail.js">
          <metrics statements="4" coveredstatements="1" conditionals="2" coveredconditionals="0" methods="1" coveredmethods="0"/>
          <line num="3" count="2" type="stmt"/>
          <line num="4" count="0" type="cond" truecount="0" falsecount="2"/>
          <line num="5" count="0" type="stmt"/>
          <line num="7" count="0" type="stmt"/>
        </file>
      </package>
      <package name="CicloDeVida.src.components.home">
        <metrics statements="9" coveredstatements="6" conditionals="0" coveredconditionals="0" methods="7" coveredmethods="4"/>
        <file name="SliderFilhos.js" path="/home/conrado/Projetos/CicloDeVida/src/components/home/SliderFilhos.js">
          <metrics statements="5" coveredstatements="3" conditionals="0" coveredconditionals="0" methods="4" coveredmethods="2"/>
          <line num="12" count="4" type="stmt"/>
          <line num="13" count="4" type="stmt"/>
          <line num="19" count="4" type="stmt"/>
          <line num="31" count="0" type="stmt"/>
          <line num="32" count="0" type="stmt"/>
        </file>
        <file name="SliderSalario.js" path="/home/conrado/Projetos/CicloDeVida/src/components/home/SliderSalario.js">
          <metrics statements="4" coveredstatements="3" conditionals="0" coveredconditionals="0" methods="3" coveredmethods="2"/>
          <line num="13" count="3" type="stmt"/>
          <line num="14" count="3" type="stmt"/>
          <line num="20" count="3" type="stmt"/>
          <line num="32" count="0" type="stmt"/>
        </file>
      </package>
      <package name="CicloDeVida.src.components.patrimonio">
        <metrics statements="18" coveredstatements="12" conditionals="0" coveredconditionals="0" methods="12" coveredmethods="6"/>
        <file name="SliderImoveis.js" path="/home/conrado/Projetos/CicloDeVida/src/components/patrimonio/SliderImoveis.js">
          <metrics statements="6" coveredstatements="4" conditionals="0" coveredconditionals="0" methods="4" coveredmethods="2"/>
          <line num="12" count="3" type="stmt"/>
          <line num="16" count="2" type="stmt"/>
          <line num="17" count="2" type="stmt"/>
          <line num="23" count="2" type="stmt"/>
          <line num="42" count="0" type="stmt"/>
          <line num="43" count="0" type="stmt"/>
        </file>
        <file name="SliderInvestimentos.js" path="/home/conrado/Projetos/CicloDeVida/src/components/patrimonio/SliderInvestimentos.js">
          <metrics statements="6" coveredstatements="4" conditionals="0" coveredconditionals="0" methods="4" coveredmethods="2"/>
          <line num="12" count="3" type="stmt"/>
          <line num="16" count="2" type="stmt"/>
          <line num="17" count="2" type="stmt"/>
          <line num="23" count="2" type="stmt"/>
          <line num="42" count="0" type="stmt"/>
          <line num="43" count="0" type="stmt"/>
        </file>
        <file name="SliderVeiculos.js" path="/home/conrado/Projetos/CicloDeVida/src/components/patrimonio/SliderVeiculos.js">
          <metrics statements="6" coveredstatements="4" conditionals="0" coveredconditionals="0" methods="4" coveredmethods="2"/>
          <line num="12" count="3" type="stmt"/>
          <line num="16" count="2" type="stmt"/>
          <line num="17" count="2" type="stmt"/>
          <line num="23" count="2" type="stmt"/>
          <line num="42" count="0" type="stmt"/>
          <line num="43" count="0" type="stmt"/>
        </file>
      </package>
      <package name="CicloDeVida.src.components.reserva">
        <metrics statements="24" coveredstatements="18" conditionals="8" coveredconditionals="4" methods="11" coveredmethods="7"/>
        <file name="SliderGasto.js" path="/home/conrado/Projetos/CicloDeVida/src/components/reserva/SliderGasto.js">
          <metrics statements="10" coveredstatements="7" conditionals="4" coveredconditionals="2" methods="5" coveredmethods="3"/>
          <line num="12" count="3" type="stmt"/>
          <line num="16" count="2" type="stmt"/>
          <line num="17" count="2" type="cond" truecount="1" falsecount="1"/>
          <line num="21" count="2" type="stmt"/>
          <line num="22" count="2" type="cond" truecount="1" falsecount="1"/>
          <line num="23" count="2" type="stmt"/>
          <line num="25" count="0" type="stmt"/>
          <line num="29" count="2" type="stmt"/>
          <line num="43" count="0" type="stmt"/>
          <line num="44" count="0" type="stmt"/>
        </file>
        <file name="SliderReserva.js" path="/home/conrado/Projetos/CicloDeVida/src/components/reserva/SliderReserva.js">
          <metrics statements="14" coveredstatements="11" conditionals="4" coveredconditionals="2" methods="6" coveredmethods="4"/>
          <line num="12" count="3" type="stmt"/>
          <line num="16" count="2" type="stmt"/>
          <line num="17" count="2" type="stmt"/>
          <line num="21" count="2" type="cond" truecount="1" falsecount="1"/>
          <line num="23" count="2" type="stmt"/>
          <line num="24" count="2" type="stmt"/>
          <line num="26" count="2" type="stmt"/>
          <line num="30" count="2" type="stmt"/>
          <line num="31" count="2" type="cond" truecount="1" falsecount="1"/>
          <line num="32" count="2" type="stmt"/>
          <line num="34" count="0" type="stmt"/>
          <line num="38" count="2" type="stmt"/>
          <line num="52" count="0" type="stmt"/>
          <line num="53" count="0" type="stmt"/>
        </file>
      </package>
      <package name="CicloDeVida.src.imgs">
        <metrics statements="6" coveredstatements="6" conditionals="0" coveredconditionals="0" methods="0" coveredmethods="0"/>
        <file name="ic_car_white.png" path="/home/conrado/Projetos/CicloDeVida/src/imgs/ic_car_white.png">
          <metrics statements="1" coveredstatements="1" conditionals="0" coveredconditionals="0" methods="0" coveredmethods="0"/>
          <line num="1" count="5" type="stmt"/>
        </file>
        <file name="ic_home_white.png" path="/home/conrado/Projetos/CicloDeVida/src/imgs/ic_home_white.png">
          <metrics statements="1" coveredstatements="1" conditionals="0" coveredconditionals="0" methods="0" coveredmethods="0"/>
          <line num="1" count="5" type="stmt"/>
        </file>
        <file name="ic_money_white.png" path="/home/conrado/Projetos/CicloDeVida/src/imgs/ic_money_white.png">
          <metrics statements="1" coveredstatements="1" conditionals="0" coveredconditionals="0" methods="0" coveredmethods="0"/>
          <line num="1" count="3" type="stmt"/>
        </file>
        <file name="ic_people_white.png" path="/home/conrado/Projetos/CicloDeVida/src/imgs/ic_people_white.png">
          <metrics statements="1" coveredstatements="1" conditionals="0" coveredconditionals="0" methods="0" coveredmethods="0"/>
          <line num="1" count="2" type="stmt"/>
        </file>
        <file name="ic_stars_white.png" path="/home/conrado/Projetos/CicloDeVida/src/imgs/ic_stars_white.png">
          <metrics statements="1" coveredstatements="1" conditionals="0" coveredconditionals="0" methods="0" coveredmethods="0"/>
          <line num="1" count="2" type="stmt"/>
        </file>
        <file name="ic_vallet_white.png" path="/home/conrado/Projetos/CicloDeVida/src/imgs/ic_vallet_white.png">
          <metrics statements="1" coveredstatements="1" conditionals="0" coveredconditionals="0" methods="0" coveredmethods="0"/>
          <line num="1" count="2" type="stmt"/>
        </file>
      </package>
    </metrics>
  </project>
</coverage>
