TN:
SF:/home/conrado/Projetos/CicloDeVida/App.js
FN:28,(anonymous_0)
FNF:1
FNH:1
FNDA:1,(anonymous_0)
DA:13,1
DA:29,1
DA:37,1
LF:3
LH:3
BRF:0
BRH:0
end_of_record
TN:
SF:/home/conrado/Projetos/CicloDeVida/src/components/AposentadoriaScreen.js
FN:38,(anonymous_0)
FN:57,(anonymous_1)
FN:62,(anonymous_2)
FN:74,(anonymous_3)
FN:79,(anonymous_4)
FN:85,(anonymous_5)
FN:91,(anonymous_6)
FN:100,(anonymous_7)
FN:111,(anonymous_8)
FN:119,(anonymous_9)
FN:148,(anonymous_10)
FN:154,(anonymous_11)
FN:158,(anonymous_12)
FN:162,(anonymous_13)
FN:164,(anonymous_14)
FN:170,(anonymous_15)
FN:189,(anonymous_16)
FN:258,(anonymous_17)
FNF:18
FNH:9
FNDA:1,(anonymous_0)
FNDA:1,(anonymous_1)
FNDA:0,(anonymous_2)
FNDA:0,(anonymous_3)
FNDA:1,(anonymous_4)
FNDA:3,(anonymous_5)
FNDA:0,(anonymous_6)
FNDA:2,(anonymous_7)
FNDA:1,(anonymous_8)
FNDA:1,(anonymous_9)
FNDA:0,(anonymous_10)
FNDA:0,(anonymous_11)
FNDA:0,(anonymous_12)
FNDA:1,(anonymous_13)
FNDA:0,(anonymous_14)
FNDA:0,(anonymous_15)
FNDA:1,(anonymous_16)
FNDA:0,(anonymous_17)
DA:24,2
DA:26,2
DA:27,2
DA:28,2
DA:39,1
DA:40,1
DA:48,1
DA:49,1
DA:50,1
DA:52,1
DA:53,1
DA:54,1
DA:58,1
DA:59,1
DA:63,0
DA:64,0
DA:65,0
DA:67,0
DA:68,0
DA:70,0
DA:75,0
DA:76,0
DA:80,1
DA:82,1
DA:86,3
DA:88,3
DA:92,0
DA:94,0
DA:95,0
DA:97,0
DA:101,2
DA:103,2
DA:105,2
DA:106,2
DA:108,2
DA:112,1
DA:113,1
DA:114,0
DA:116,1
DA:120,1
DA:121,1
DA:122,1
DA:123,1
DA:124,1
DA:125,1
DA:126,1
DA:127,1
DA:128,1
DA:129,1
DA:133,1
DA:134,600
DA:135,600
DA:139,1
DA:140,50
DA:143,1
DA:145,1
DA:149,0
DA:150,0
DA:151,0
DA:155,0
DA:159,0
DA:163,1
DA:164,1
DA:165,1
DA:166,1
DA:173,0
DA:175,0
DA:176,0
DA:177,0
DA:178,0
DA:181,0
DA:182,0
DA:183,0
DA:184,0
DA:186,0
DA:190,1
DA:258,0
LF:77
LH:48
BRDA:65,0,0,0
BRDA:65,0,1,0
BRDA:92,1,0,0
BRDA:92,1,1,0
BRDA:103,2,0,0
BRDA:103,2,1,2
BRDA:113,3,0,0
BRDA:113,3,1,1
BRDA:163,4,0,1
BRDA:163,4,1,0
BRDA:181,5,0,0
BRDA:181,5,1,0
BRDA:182,6,0,0
BRDA:182,6,1,0
BRDA:183,7,0,0
BRDA:183,7,1,0
BRDA:184,8,0,0
BRDA:184,8,1,0
BRF:18
BRH:3
end_of_record
TN:
SF:/home/conrado/Projetos/CicloDeVida/src/components/ConsumoScreen.js
FN:32,(anonymous_0)
FN:43,(anonymous_1)
FN:49,(anonymous_2)
FN:61,(anonymous_3)
FN:66,(anonymous_4)
FN:72,(anonymous_5)
FN:78,(anonymous_6)
FN:84,(anonymous_7)
FN:90,(anonymous_8)
FN:93,(anonymous_9)
FN:99,(anonymous_10)
FN:107,(anonymous_11)
FNF:12
FNH:9
FNDA:1,(anonymous_0)
FNDA:1,(anonymous_1)
FNDA:0,(anonymous_2)
FNDA:0,(anonymous_3)
FNDA:2,(anonymous_4)
FNDA:2,(anonymous_5)
FNDA:2,(anonymous_6)
FNDA:2,(anonymous_7)
FNDA:1,(anonymous_8)
FNDA:1,(anonymous_9)
FNDA:0,(anonymous_10)
FNDA:1,(anonymous_11)
DA:17,2
DA:18,2
DA:20,2
DA:21,2
DA:22,2
DA:33,1
DA:34,1
DA:38,1
DA:39,1
DA:40,1
DA:44,1
DA:45,1
DA:46,1
DA:50,0
DA:51,0
DA:52,0
DA:54,0
DA:55,0
DA:57,0
DA:62,0
DA:63,0
DA:67,2
DA:69,2
DA:73,2
DA:75,2
DA:79,2
DA:81,2
DA:85,2
DA:87,2
DA:91,1
DA:92,1
DA:93,1
DA:95,1
DA:96,1
DA:102,0
DA:104,0
DA:108,1
LF:37
LH:27
BRDA:52,0,0,0
BRDA:52,0,1,0
BRDA:92,1,0,1
BRDA:92,1,1,0
BRF:4
BRH:1
end_of_record
TN:
SF:/home/conrado/Projetos/CicloDeVida/src/components/HomeScreen.js
FN:36,(anonymous_0)
FN:57,(anonymous_1)
FN:75,(anonymous_2)
FN:86,(anonymous_3)
FN:92,(anonymous_4)
FN:96,(anonymous_5)
FN:100,(anonymous_6)
FN:102,(anonymous_7)
FN:108,(anonymous_8)
FN:182,(anonymous_9)
FN:209,(anonymous_10)
FN:222,(anonymous_11)
FN:246,(anonymous_12)
FN:256,(anonymous_13)
FN:294,(anonymous_14)
FNF:15
FNH:4
FNDA:2,(anonymous_0)
FNDA:2,(anonymous_1)
FNDA:0,(anonymous_2)
FNDA:0,(anonymous_3)
FNDA:0,(anonymous_4)
FNDA:0,(anonymous_5)
FNDA:2,(anonymous_6)
FNDA:0,(anonymous_7)
FNDA:0,(anonymous_8)
FNDA:2,(anonymous_9)
FNDA:0,(anonymous_10)
FNDA:0,(anonymous_11)
FNDA:0,(anonymous_12)
FNDA:0,(anonymous_13)
FNDA:0,(anonymous_14)
DA:24,2
DA:25,2
DA:26,2
DA:37,2
DA:38,2
DA:49,2
DA:50,2
DA:51,2
DA:53,2
DA:54,2
DA:58,2
DA:67,2
DA:76,0
DA:77,0
DA:78,0
DA:80,0
DA:81,0
DA:83,0
DA:87,0
DA:88,0
DA:93,0
DA:97,0
DA:101,2
DA:102,0
DA:103,0
DA:104,0
DA:112,0
DA:114,0
DA:115,0
DA:116,0
DA:117,0
DA:118,0
DA:119,0
DA:120,0
DA:124,0
DA:125,0
DA:126,0
DA:127,0
DA:129,0
DA:130,0
DA:131,0
DA:132,0
DA:136,0
DA:137,0
DA:138,0
DA:142,0
DA:143,0
DA:144,0
DA:150,0
DA:151,0
DA:152,0
DA:153,0
DA:157,0
DA:158,0
DA:159,0
DA:163,0
DA:164,0
DA:165,0
DA:166,0
DA:170,0
DA:171,0
DA:172,0
DA:173,0
DA:174,0
DA:175,0
DA:176,0
DA:179,0
DA:183,2
DA:209,0
DA:222,0
DA:246,0
DA:256,0
DA:294,0
LF:73
LH:14
BRDA:78,0,0,0
BRDA:78,0,1,0
BRDA:101,1,0,0
BRDA:101,1,1,2
BRDA:124,2,0,0
BRDA:124,2,1,0
BRDA:129,3,0,0
BRDA:129,3,1,0
BRDA:136,4,0,0
BRDA:136,4,1,0
BRDA:142,5,0,0
BRDA:142,5,1,0
BRDA:150,6,0,0
BRDA:150,6,1,0
BRDA:150,7,0,0
BRDA:150,7,1,0
BRDA:157,8,0,0
BRDA:157,8,1,0
BRDA:163,9,0,0
BRDA:163,9,1,0
BRDA:170,10,0,0
BRDA:170,10,1,0
BRDA:171,11,0,0
BRDA:171,11,1,0
BRDA:172,12,0,0
BRDA:172,12,1,0
BRDA:173,13,0,0
BRDA:173,13,1,0
BRDA:174,14,0,0
BRDA:174,14,1,0
BRDA:175,15,0,0
BRDA:175,15,1,0
BRDA:176,16,0,0
BRDA:176,16,1,0
BRF:34
BRH:1
end_of_record
TN:
SF:/home/conrado/Projetos/CicloDeVida/src/components/PatrimonioScreen.js
FN:34,(anonymous_0)
FN:52,(anonymous_1)
FN:56,(anonymous_2)
FN:68,(anonymous_3)
FN:73,(anonymous_4)
FN:90,(anonymous_5)
FN:97,(anonymous_6)
FN:118,(anonymous_7)
FN:122,(anonymous_8)
FN:126,(anonymous_9)
FN:130,(anonymous_10)
FN:132,(anonymous_11)
FN:138,(anonymous_12)
FN:156,(anonymous_13)
FNF:14
FNH:7
FNDA:1,(anonymous_0)
FNDA:1,(anonymous_1)
FNDA:0,(anonymous_2)
FNDA:0,(anonymous_3)
FNDA:1,(anonymous_4)
FNDA:1,(anonymous_5)
FNDA:1,(anonymous_6)
FNDA:0,(anonymous_7)
FNDA:0,(anonymous_8)
FNDA:0,(anonymous_9)
FNDA:1,(anonymous_10)
FNDA:0,(anonymous_11)
FNDA:0,(anonymous_12)
FNDA:1,(anonymous_13)
DA:21,2
DA:22,2
DA:23,2
DA:24,2
DA:35,1
DA:36,1
DA:43,1
DA:44,1
DA:45,1
DA:47,1
DA:48,1
DA:49,1
DA:53,1
DA:57,0
DA:58,0
DA:59,0
DA:61,0
DA:62,0
DA:64,0
DA:69,0
DA:70,0
DA:74,1
DA:75,1
DA:76,1
DA:77,1
DA:79,1
DA:80,1
DA:83,0
DA:84,0
DA:87,0
DA:91,1
DA:92,0
DA:94,1
DA:98,1
DA:100,1
DA:101,0
DA:103,1
DA:104,0
DA:109,1
DA:110,0
DA:115,1
DA:119,0
DA:123,0
DA:127,0
DA:131,1
DA:132,0
DA:133,0
DA:134,0
DA:142,0
DA:144,0
DA:145,0
DA:146,0
DA:149,0
DA:150,0
DA:151,0
DA:153,0
DA:157,1
LF:57
LH:28
BRDA:59,0,0,0
BRDA:59,0,1,0
BRDA:79,1,0,1
BRDA:79,1,1,0
BRDA:83,2,0,0
BRDA:83,2,1,0
BRDA:83,3,0,0
BRDA:83,3,1,0
BRDA:91,4,0,0
BRDA:91,4,1,1
BRDA:100,5,0,0
BRDA:100,5,1,1
BRDA:103,6,0,0
BRDA:103,6,1,1
BRDA:109,7,0,0
BRDA:109,7,1,1
BRDA:109,8,0,1
BRDA:109,8,1,0
BRDA:131,9,0,0
BRDA:131,9,1,1
BRDA:149,10,0,0
BRDA:149,10,1,0
BRDA:150,11,0,0
BRDA:150,11,1,0
BRDA:151,12,0,0
BRDA:151,12,1,0
BRF:26
BRH:7
end_of_record
TN:
SF:/home/conrado/Projetos/CicloDeVida/src/components/ReservaScreen.js
FN:33,(anonymous_0)
FN:49,(anonymous_1)
FN:55,(anonymous_2)
FN:67,(anonymous_3)
FN:72,(anonymous_4)
FN:81,(anonymous_5)
FN:90,(anonymous_6)
FN:100,(anonymous_7)
FN:106,(anonymous_8)
FN:119,(anonymous_9)
FN:138,(anonymous_10)
FN:144,(anonymous_11)
FN:150,(anonymous_12)
FN:152,(anonymous_13)
FN:158,(anonymous_14)
FN:173,(anonymous_15)
FNF:16
FNH:10
FNDA:1,(anonymous_0)
FNDA:1,(anonymous_1)
FNDA:0,(anonymous_2)
FNDA:0,(anonymous_3)
FNDA:0,(anonymous_4)
FNDA:1,(anonymous_5)
FNDA:3,(anonymous_6)
FNDA:2,(anonymous_7)
FNDA:1,(anonymous_8)
FNDA:1,(anonymous_9)
FNDA:0,(anonymous_10)
FNDA:0,(anonymous_11)
FNDA:1,(anonymous_12)
FNDA:1,(anonymous_13)
FNDA:0,(anonymous_14)
FNDA:1,(anonymous_15)
DA:21,2
DA:22,2
DA:23,2
DA:34,1
DA:35,1
DA:41,1
DA:42,1
DA:43,1
DA:45,1
DA:46,1
DA:50,1
DA:51,1
DA:52,1
DA:56,0
DA:57,0
DA:58,0
DA:60,0
DA:61,0
DA:63,0
DA:68,0
DA:69,0
DA:73,0
DA:75,0
DA:76,0
DA:78,0
DA:82,1
DA:83,1
DA:84,0
DA:85,0
DA:87,1
DA:91,3
DA:93,3
DA:95,0
DA:97,3
DA:101,2
DA:103,2
DA:107,1
DA:108,1
DA:109,1
DA:110,0
DA:111,0
DA:112,0
DA:113,0
DA:116,1
DA:120,1
DA:121,1
DA:122,0
DA:127,1
DA:128,0
DA:133,1
DA:139,0
DA:140,0
DA:141,0
DA:145,0
DA:146,0
DA:147,0
DA:151,1
DA:152,1
DA:153,1
DA:154,1
DA:161,0
DA:163,0
DA:164,0
DA:167,0
DA:168,0
DA:170,0
DA:174,1
LF:67
LH:34
BRDA:38,0,0,1
BRDA:38,0,1,0
BRDA:58,1,0,0
BRDA:58,1,1,0
BRDA:73,2,0,0
BRDA:73,2,1,0
BRDA:83,3,0,0
BRDA:83,3,1,1
BRDA:93,4,0,0
BRDA:93,4,1,3
BRDA:109,5,0,0
BRDA:109,5,1,1
BRDA:112,6,0,0
BRDA:112,6,1,0
BRDA:121,7,0,0
BRDA:121,7,1,1
BRDA:127,8,0,0
BRDA:127,8,1,1
BRDA:151,9,0,1
BRDA:151,9,1,0
BRDA:167,10,0,0
BRDA:167,10,1,0
BRDA:168,11,0,0
BRDA:168,11,1,0
BRF:24
BRH:7
end_of_record
TN:
SF:/home/conrado/Projetos/CicloDeVida/src/components/ResultadoScreen.js
FN:25,(anonymous_0)
FN:34,(anonymous_1)
FN:46,(anonymous_2)
FN:51,(anonymous_3)
FNF:4
FNH:2
FNDA:1,(anonymous_0)
FNDA:0,(anonymous_1)
FNDA:0,(anonymous_2)
FNDA:1,(anonymous_3)
DA:26,1
DA:27,1
DA:36,0
DA:37,0
DA:39,0
DA:40,0
DA:42,0
DA:47,0
DA:52,1
LF:9
LH:3
BRDA:37,0,0,0
BRDA:37,0,1,0
BRF:2
BRH:0
end_of_record
TN:
SF:/home/conrado/Projetos/CicloDeVida/src/components/SegurancaScreen.js
FN:36,(anonymous_0)
FN:49,(anonymous_1)
FN:54,(anonymous_2)
FN:66,(anonymous_3)
FN:71,(anonymous_4)
FN:75,(anonymous_5)
FN:79,(anonymous_6)
FN:83,(anonymous_7)
FN:87,(anonymous_8)
FN:98,(anonymous_9)
FN:103,(anonymous_10)
FN:109,(anonymous_11)
FN:114,(anonymous_12)
FN:117,(anonymous_13)
FN:123,(anonymous_14)
FN:136,(anonymous_15)
FN:188,(anonymous_16)
FN:189,(anonymous_17)
FNF:18
FNH:11
FNDA:1,(anonymous_0)
FNDA:1,(anonymous_1)
FNDA:0,(anonymous_2)
FNDA:0,(anonymous_3)
FNDA:2,(anonymous_4)
FNDA:2,(anonymous_5)
FNDA:2,(anonymous_6)
FNDA:2,(anonymous_7)
FNDA:1,(anonymous_8)
FNDA:1,(anonymous_9)
FNDA:1,(anonymous_10)
FNDA:0,(anonymous_11)
FNDA:1,(anonymous_12)
FNDA:0,(anonymous_13)
FNDA:0,(anonymous_14)
FNDA:1,(anonymous_15)
FNDA:0,(anonymous_16)
FNDA:0,(anonymous_17)
DA:19,2
DA:20,2
DA:21,2
DA:22,2
DA:24,2
DA:25,2
DA:26,2
DA:37,1
DA:38,1
DA:44,1
DA:45,1
DA:46,1
DA:50,1
DA:51,1
DA:55,0
DA:56,0
DA:57,0
DA:59,0
DA:60,0
DA:62,0
DA:67,0
DA:68,0
DA:72,2
DA:76,2
DA:80,2
DA:84,2
DA:88,1
DA:89,1
DA:90,1
DA:91,1
DA:92,1
DA:93,1
DA:95,1
DA:99,1
DA:100,1
DA:104,1
DA:106,1
DA:110,0
DA:111,0
DA:115,1
DA:116,1
DA:117,1
DA:119,1
DA:120,1
DA:126,0
DA:128,0
DA:131,0
DA:133,0
DA:137,1
DA:188,0
DA:189,0
LF:51
LH:35
BRDA:57,0,0,0
BRDA:57,0,1,0
BRDA:116,1,0,1
BRDA:116,1,1,0
BRDA:131,2,0,0
BRDA:131,2,1,0
BRF:6
BRH:1
end_of_record
TN:
SF:/home/conrado/Projetos/CicloDeVida/src/components/aposentadoria/SliderDisponib.js
FN:15,(anonymous_0)
FN:20,(anonymous_1)
FN:26,(anonymous_2)
FN:35,(anonymous_3)
FN:46,(anonymous_4)
FN:54,(anonymous_5)
FN:69,(anonymous_6)
FN:70,(anonymous_7)
FNF:8
FNH:4
FNDA:2,(anonymous_0)
FNDA:0,(anonymous_1)
FNDA:2,(anonymous_2)
FNDA:0,(anonymous_3)
FNDA:2,(anonymous_4)
FNDA:2,(anonymous_5)
FNDA:0,(anonymous_6)
FNDA:0,(anonymous_7)
DA:12,3
DA:16,2
DA:17,2
DA:21,0
DA:23,0
DA:27,2
DA:29,2
DA:30,2
DA:32,2
DA:36,0
DA:38,0
DA:40,0
DA:41,0
DA:43,0
DA:47,2
DA:48,2
DA:49,2
DA:51,0
DA:55,2
DA:69,0
DA:70,0
LF:21
LH:11
BRDA:27,0,0,0
BRDA:27,0,1,2
BRDA:38,1,0,0
BRDA:38,1,1,0
BRDA:48,2,0,2
BRDA:48,2,1,0
BRF:6
BRH:2
end_of_record
TN:
SF:/home/conrado/Projetos/CicloDeVida/src/components/aposentadoria/SliderIdade.js
FN:14,(anonymous_0)
FN:19,(anonymous_1)
FN:34,(anonymous_2)
FN:35,(anonymous_3)
FNF:4
FNH:2
FNDA:2,(anonymous_0)
FNDA:2,(anonymous_1)
FNDA:0,(anonymous_2)
FNDA:0,(anonymous_3)
DA:11,3
DA:15,2
DA:16,2
DA:20,2
DA:34,0
DA:35,0
LF:6
LH:4
BRF:0
BRH:0
end_of_record
TN:
SF:/home/conrado/Projetos/CicloDeVida/src/components/aposentadoria/SliderTaxa.js
FN:11,(anonymous_0)
FN:16,(anonymous_1)
FN:31,(anonymous_2)
FN:32,(anonymous_3)
FNF:4
FNH:2
FNDA:1,(anonymous_0)
FNDA:1,(anonymous_1)
FNDA:0,(anonymous_2)
FNDA:0,(anonymous_3)
DA:12,1
DA:13,1
DA:17,1
DA:31,0
DA:32,0
LF:5
LH:3
BRF:0
BRH:0
end_of_record
TN:
SF:/home/conrado/Projetos/CicloDeVida/src/components/functions/Cabecalho.js
FN:21,(anonymous_0)
FNF:1
FNH:1
FNDA:15,(anonymous_0)
DA:5,9
DA:21,9
DA:22,15
LF:3
LH:3
BRF:0
BRH:0
end_of_record
TN:
SF:/home/conrado/Projetos/CicloDeVida/src/components/functions/Ciclo.js
FN:138,(anonymous_0)
FN:148,(anonymous_1)
FN:152,(anonymous_2)
FN:156,(anonymous_3)
FN:185,(anonymous_4)
FN:231,(anonymous_5)
FN:235,(anonymous_6)
FN:255,(anonymous_7)
FN:267,(anonymous_8)
FN:274,(anonymous_9)
FN:279,(anonymous_10)
FN:285,(anonymous_11)
FN:293,(anonymous_12)
FN:300,(anonymous_13)
FN:310,(anonymous_14)
FN:320,(anonymous_15)
FN:330,(anonymous_16)
FN:342,(anonymous_17)
FN:351,(anonymous_18)
FN:360,(anonymous_19)
FN:369,(anonymous_20)
FN:378,(anonymous_21)
FN:382,(anonymous_22)
FN:392,(anonymous_23)
FN:395,(anonymous_24)
FN:402,(anonymous_25)
FN:405,(anonymous_26)
FN:419,(anonymous_27)
FN:422,(anonymous_28)
FN:433,(anonymous_29)
FN:436,(anonymous_30)
FN:447,(anonymous_31)
FN:450,(anonymous_32)
FN:461,(anonymous_33)
FN:464,(anonymous_34)
FN:475,(anonymous_35)
FN:478,(anonymous_36)
FN:489,(anonymous_37)
FN:492,(anonymous_38)
FN:501,(anonymous_39)
FN:504,(anonymous_40)
FN:513,(anonymous_41)
FN:516,(anonymous_42)
FN:525,(anonymous_43)
FN:531,(anonymous_44)
FN:540,(anonymous_45)
FN:546,(anonymous_46)
FN:555,(anonymous_47)
FN:558,(anonymous_48)
FN:567,(anonymous_49)
FN:570,(anonymous_50)
FN:579,(anonymous_51)
FN:582,(anonymous_52)
FN:592,(anonymous_53)
FN:595,(anonymous_54)
FN:604,(anonymous_55)
FN:607,(anonymous_56)
FN:617,(anonymous_57)
FN:620,(anonymous_58)
FN:627,(anonymous_59)
FN:630,(anonymous_60)
FN:637,(anonymous_61)
FN:640,(anonymous_62)
FNF:63
FNH:27
FNDA:24,(anonymous_0)
FNDA:0,(anonymous_1)
FNDA:0,(anonymous_2)
FNDA:8,(anonymous_3)
FNDA:4,(anonymous_4)
FNDA:7,(anonymous_5)
FNDA:4,(anonymous_6)
FNDA:1,(anonymous_7)
FNDA:6,(anonymous_8)
FNDA:0,(anonymous_9)
FNDA:3,(anonymous_10)
FNDA:2,(anonymous_11)
FNDA:0,(anonymous_12)
FNDA:4,(anonymous_13)
FNDA:4,(anonymous_14)
FNDA:4,(anonymous_15)
FNDA:1,(anonymous_16)
FNDA:4,(anonymous_17)
FNDA:4,(anonymous_18)
FNDA:2,(anonymous_19)
FNDA:2,(anonymous_20)
FNDA:0,(anonymous_21)
FNDA:0,(anonymous_22)
FNDA:0,(anonymous_23)
FNDA:0,(anonymous_24)
FNDA:0,(anonymous_25)
FNDA:0,(anonymous_26)
FNDA:7,(anonymous_27)
FNDA:0,(anonymous_28)
FNDA:0,(anonymous_29)
FNDA:0,(anonymous_30)
FNDA:0,(anonymous_31)
FNDA:0,(anonymous_32)
FNDA:30,(anonymous_33)
FNDA:0,(anonymous_34)
FNDA:1,(anonymous_35)
FNDA:0,(anonymous_36)
FNDA:2,(anonymous_37)
FNDA:0,(anonymous_38)
FNDA:5,(anonymous_39)
FNDA:0,(anonymous_40)
FNDA:5,(anonymous_41)
FNDA:0,(anonymous_42)
FNDA:3,(anonymous_43)
FNDA:0,(anonymous_44)
FNDA:4,(anonymous_45)
FNDA:0,(anonymous_46)
FNDA:2,(anonymous_47)
FNDA:0,(anonymous_48)
FNDA:0,(anonymous_49)
FNDA:0,(anonymous_50)
FNDA:0,(anonymous_51)
FNDA:0,(anonymous_52)
FNDA:0,(anonymous_53)
FNDA:0,(anonymous_54)
FNDA:1,(anonymous_55)
FNDA:0,(anonymous_56)
FNDA:0,(anonymous_57)
FNDA:0,(anonymous_58)
FNDA:0,(anonymous_59)
FNDA:0,(anonymous_60)
FNDA:0,(anonymous_61)
FNDA:0,(anonymous_62)
DA:140,24
DA:141,11
DA:143,24
DA:144,24
DA:145,24
DA:149,0
DA:153,0
DA:157,8
DA:176,8
DA:178,8
DA:179,0
DA:182,8
DA:188,4
DA:189,4
DA:192,4
DA:193,4
DA:195,0
DA:196,0
DA:199,1
DA:202,2
DA:204,2
DA:205,2
DA:206,2
DA:209,3
DA:210,3
DA:220,4
DA:226,4
DA:228,4
DA:232,7
DA:236,4
DA:237,4
DA:238,4
DA:241,0
DA:242,0
DA:243,0
DA:246,0
DA:247,0
DA:248,0
DA:251,0
DA:252,0
DA:256,1
DA:258,1
DA:259,1
DA:261,1
DA:262,0
DA:264,1
DA:268,6
DA:269,0
DA:271,6
DA:275,0
DA:281,3
DA:282,3
DA:286,2
DA:287,0
DA:288,0
DA:290,2
DA:294,0
DA:295,0
DA:297,0
DA:301,4
DA:302,0
DA:303,0
DA:305,0
DA:307,4
DA:311,4
DA:312,0
DA:313,0
DA:315,0
DA:317,4
DA:321,4
DA:322,0
DA:323,0
DA:325,0
DA:327,4
DA:331,1
DA:332,0
DA:333,0
DA:334,0
DA:335,0
DA:337,0
DA:339,1
DA:343,4
DA:344,0
DA:346,0
DA:348,4
DA:352,4
DA:353,0
DA:355,0
DA:357,4
DA:361,2
DA:362,0
DA:364,0
DA:366,2
DA:370,2
DA:371,0
DA:373,0
DA:375,2
DA:379,0
DA:383,0
DA:393,0
DA:396,0
DA:397,0
DA:403,0
DA:406,0
DA:407,0
DA:409,0
DA:410,0
DA:412,0
DA:413,0
DA:415,0
DA:420,7
DA:423,0
DA:424,0
DA:426,0
DA:427,0
DA:429,0
DA:434,0
DA:437,0
DA:438,0
DA:440,0
DA:441,0
DA:443,0
DA:448,0
DA:451,0
DA:452,0
DA:454,0
DA:455,0
DA:457,0
DA:462,30
DA:465,0
DA:466,0
DA:468,0
DA:469,0
DA:471,0
DA:476,1
DA:479,0
DA:480,0
DA:482,0
DA:483,0
DA:485,0
DA:490,2
DA:493,0
DA:494,0
DA:496,0
DA:502,5
DA:505,0
DA:506,0
DA:508,0
DA:514,5
DA:517,0
DA:518,0
DA:520,0
DA:526,3
DA:527,0
DA:529,3
DA:532,0
DA:533,0
DA:535,0
DA:541,4
DA:542,0
DA:544,4
DA:547,0
DA:548,0
DA:550,0
DA:556,2
DA:559,0
DA:560,0
DA:562,0
DA:568,0
DA:571,0
DA:572,0
DA:574,0
DA:580,0
DA:583,0
DA:584,0
DA:585,0
DA:587,0
DA:593,0
DA:596,0
DA:597,0
DA:599,0
DA:605,1
DA:608,0
DA:609,0
DA:610,0
DA:612,0
DA:618,0
DA:621,0
DA:622,0
DA:628,0
DA:631,0
DA:632,0
DA:638,0
DA:641,0
DA:642,0
LF:195
LH:66
BRDA:140,0,0,11
BRDA:140,0,1,13
BRDA:178,1,0,0
BRDA:178,1,1,8
BRDA:192,2,0,4
BRDA:192,2,1,0
BRDA:193,3,0,0
BRDA:193,3,1,1
BRDA:193,3,2,2
BRDA:193,3,3,3
BRDA:193,3,4,4
BRDA:193,3,5,4
BRDA:193,3,6,4
BRDA:193,3,7,0
BRDA:236,4,0,4
BRDA:236,4,1,0
BRDA:241,5,0,0
BRDA:241,5,1,0
BRDA:246,6,0,0
BRDA:246,6,1,0
BRDA:261,7,0,0
BRDA:261,7,1,1
BRDA:268,8,0,0
BRDA:268,8,1,6
BRDA:286,9,0,0
BRDA:286,9,1,2
BRDA:294,10,0,0
BRDA:294,10,1,0
BRDA:301,11,0,0
BRDA:301,11,1,4
BRDA:311,12,0,0
BRDA:311,12,1,4
BRDA:321,13,0,0
BRDA:321,13,1,4
BRDA:331,14,0,0
BRDA:331,14,1,1
BRDA:343,15,0,0
BRDA:343,15,1,4
BRDA:352,16,0,0
BRDA:352,16,1,4
BRDA:361,17,0,0
BRDA:361,17,1,2
BRDA:370,18,0,0
BRDA:370,18,1,2
BRDA:396,19,0,0
BRDA:396,19,1,0
BRDA:406,20,0,0
BRDA:406,20,1,0
BRDA:409,21,0,0
BRDA:409,21,1,0
BRDA:412,22,0,0
BRDA:412,22,1,0
BRDA:423,23,0,0
BRDA:423,23,1,0
BRDA:426,24,0,0
BRDA:426,24,1,0
BRDA:437,25,0,0
BRDA:437,25,1,0
BRDA:440,26,0,0
BRDA:440,26,1,0
BRDA:440,27,0,0
BRDA:440,27,1,0
BRDA:451,28,0,0
BRDA:451,28,1,0
BRDA:454,29,0,0
BRDA:454,29,1,0
BRDA:454,30,0,0
BRDA:454,30,1,0
BRDA:465,31,0,0
BRDA:465,31,1,0
BRDA:468,32,0,0
BRDA:468,32,1,0
BRDA:479,33,0,0
BRDA:479,33,1,0
BRDA:482,34,0,0
BRDA:482,34,1,0
BRDA:493,35,0,0
BRDA:493,35,1,0
BRDA:505,36,0,0
BRDA:505,36,1,0
BRDA:517,37,0,0
BRDA:517,37,1,0
BRDA:526,38,0,0
BRDA:526,38,1,3
BRDA:532,39,0,0
BRDA:532,39,1,0
BRDA:541,40,0,0
BRDA:541,40,1,4
BRDA:547,41,0,0
BRDA:547,41,1,0
BRDA:559,42,0,0
BRDA:559,42,1,0
BRDA:571,43,0,0
BRDA:571,43,1,0
BRDA:584,44,0,0
BRDA:584,44,1,0
BRDA:596,45,0,0
BRDA:596,45,1,0
BRDA:609,46,0,0
BRDA:609,46,1,0
BRDA:621,47,0,0
BRDA:621,47,1,0
BRDA:631,48,0,0
BRDA:631,48,1,0
BRDA:641,49,0,0
BRDA:641,49,1,0
BRF:106
BRH:24
end_of_record
TN:
SF:/home/conrado/Projetos/CicloDeVida/src/components/functions/Controle.js
FN:2,(anonymous_0)
FNF:1
FNH:0
FNDA:0,(anonymous_0)
DA:2,7
DA:3,0
DA:4,0
DA:6,0
DA:8,0
DA:10,0
DA:11,0
LF:7
LH:1
BRF:0
BRH:0
end_of_record
TN:
SF:/home/conrado/Projetos/CicloDeVida/src/components/functions/Erro.js
FNF:0
FNH:0
DA:1,11
LF:1
LH:1
BRF:0
BRH:0
end_of_record
TN:
SF:/home/conrado/Projetos/CicloDeVida/src/components/functions/EstiloVoltar.js
FNF:0
FNH:0
DA:2,8
LF:1
LH:1
BRF:0
BRH:0
end_of_record
TN:
SF:/home/conrado/Projetos/CicloDeVida/src/components/functions/LimiteDeErro.js
FN:7,(anonymous_0)
FN:12,(anonymous_1)
FN:20,(anonymous_2)
FNF:3
FNH:2
FNDA:4,(anonymous_0)
FNDA:0,(anonymous_1)
FNDA:4,(anonymous_2)
DA:8,4
DA:9,4
DA:14,0
DA:17,0
DA:21,4
DA:23,0
DA:25,4
LF:7
LH:4
BRDA:21,0,0,0
BRDA:21,0,1,4
BRF:2
BRH:1
end_of_record
TN:
SF:/home/conrado/Projetos/CicloDeVida/src/components/functions/ModalErro.js
FN:28,(anonymous_0)
FN:36,(anonymous_1)
FN:47,(anonymous_2)
FNF:3
FNH:1
FNDA:8,(anonymous_0)
FNDA:0,(anonymous_1)
FNDA:0,(anonymous_2)
DA:11,8
DA:29,8
DA:31,8
DA:36,0
DA:47,0
DA:58,8
LF:6
LH:4
BRDA:29,0,0,8
BRDA:29,0,1,1
BRF:2
BRH:2
end_of_record
TN:
SF:/home/conrado/Projetos/CicloDeVida/src/components/functions/Rodape.js
FN:13,(anonymous_0)
FN:29,(anonymous_1)
FNF:2
FNH:1
FNDA:8,(anonymous_0)
FNDA:0,(anonymous_1)
DA:14,8
DA:15,8
DA:29,0
LF:3
LH:2
BRF:0
BRH:0
end_of_record
TN:
SF:/home/conrado/Projetos/CicloDeVida/src/components/functions/desmonetizar.js
FN:2,(anonymous_0)
FNF:1
FNH:1
FNDA:7,(anonymous_0)
DA:2,5
DA:6,7
DA:7,5
DA:8,5
DA:10,2
DA:11,1
DA:13,1
DA:15,2
DA:18,7
DA:19,6
DA:21,1
LF:11
LH:11
BRDA:6,0,0,5
BRDA:6,0,1,2
BRDA:10,1,0,1
BRDA:10,1,1,1
BRDA:18,2,0,6
BRDA:18,2,1,1
BRF:6
BRH:6
end_of_record
TN:
SF:/home/conrado/Projetos/CicloDeVida/src/components/functions/hashcode.js
FN:2,(anonymous_0)
FN:3,(anonymous_1)
FNF:2
FNH:2
FNDA:24,(anonymous_0)
FNDA:312,(anonymous_1)
DA:2,11
DA:3,24
DA:4,312
DA:5,312
LF:4
LH:4
BRF:0
BRH:0
end_of_record
TN:
SF:/home/conrado/Projetos/CicloDeVida/src/components/functions/milhar.js
FN:2,(anonymous_0)
FNF:1
FNH:1
FNDA:26,(anonymous_0)
DA:2,15
DA:4,26
DA:5,26
DA:7,26
DA:9,26
DA:10,28
DA:11,2
DA:13,26
DA:15,28
DA:18,26
DA:20,26
LF:11
LH:11
BRDA:7,0,0,0
BRDA:7,0,1,26
BRDA:10,1,0,2
BRDA:10,1,1,26
BRF:4
BRH:3
end_of_record
TN:
SF:/home/conrado/Projetos/CicloDeVida/src/components/functions/monetizar.js
FN:3,(anonymous_0)
FNF:1
FNH:1
FNDA:41,(anonymous_0)
DA:3,15
DA:4,41
DA:5,26
DA:7,15
LF:4
LH:4
BRDA:4,0,0,26
BRDA:4,0,1,15
BRF:2
BRH:2
end_of_record
TN:
SF:/home/conrado/Projetos/CicloDeVida/src/components/functions/styles.js
FNF:0
FNH:0
DA:3,20
LF:1
LH:1
BRF:0
BRH:0
end_of_record
TN:
SF:/home/conrado/Projetos/CicloDeVida/src/components/functions/validaEmail.js
FN:3,(anonymous_0)
FNF:1
FNH:0
FNDA:0,(anonymous_0)
DA:3,2
DA:4,0
DA:5,0
DA:7,0
LF:4
LH:1
BRDA:4,0,0,0
BRDA:4,0,1,0
BRF:2
BRH:0
end_of_record
TN:
SF:/home/conrado/Projetos/CicloDeVida/src/components/home/SliderFilhos.js
FN:11,(anonymous_0)
FN:18,(anonymous_1)
FN:31,(anonymous_2)
FN:32,(anonymous_3)
FNF:4
FNH:2
FNDA:4,(anonymous_0)
FNDA:4,(anonymous_1)
FNDA:0,(anonymous_2)
FNDA:0,(anonymous_3)
DA:12,4
DA:13,4
DA:19,4
DA:31,0
DA:32,0
LF:5
LH:3
BRF:0
BRH:0
end_of_record
TN:
SF:/home/conrado/Projetos/CicloDeVida/src/components/home/SliderSalario.js
FN:12,(anonymous_0)
FN:19,(anonymous_1)
FN:32,(anonymous_2)
FNF:3
FNH:2
FNDA:3,(anonymous_0)
FNDA:3,(anonymous_1)
FNDA:0,(anonymous_2)
DA:13,3
DA:14,3
DA:20,3
DA:32,0
LF:4
LH:3
BRF:0
BRH:0
end_of_record
TN:
SF:/home/conrado/Projetos/CicloDeVida/src/components/patrimonio/SliderImoveis.js
FN:15,(anonymous_0)
FN:22,(anonymous_1)
FN:42,(anonymous_2)
FN:43,(anonymous_3)
FNF:4
FNH:2
FNDA:2,(anonymous_0)
FNDA:2,(anonymous_1)
FNDA:0,(anonymous_2)
FNDA:0,(anonymous_3)
DA:12,3
DA:16,2
DA:17,2
DA:23,2
DA:42,0
DA:43,0
LF:6
LH:4
BRF:0
BRH:0
end_of_record
TN:
SF:/home/conrado/Projetos/CicloDeVida/src/components/patrimonio/SliderInvestimentos.js
FN:15,(anonymous_0)
FN:22,(anonymous_1)
FN:42,(anonymous_2)
FN:43,(anonymous_3)
FNF:4
FNH:2
FNDA:2,(anonymous_0)
FNDA:2,(anonymous_1)
FNDA:0,(anonymous_2)
FNDA:0,(anonymous_3)
DA:12,3
DA:16,2
DA:17,2
DA:23,2
DA:42,0
DA:43,0
LF:6
LH:4
BRF:0
BRH:0
end_of_record
TN:
SF:/home/conrado/Projetos/CicloDeVida/src/components/patrimonio/SliderVeiculos.js
FN:15,(anonymous_0)
FN:22,(anonymous_1)
FN:42,(anonymous_2)
FN:43,(anonymous_3)
FNF:4
FNH:2
FNDA:2,(anonymous_0)
FNDA:2,(anonymous_1)
FNDA:0,(anonymous_2)
FNDA:0,(anonymous_3)
DA:12,3
DA:16,2
DA:17,2
DA:23,2
DA:42,0
DA:43,0
LF:6
LH:4
BRF:0
BRH:0
end_of_record
TN:
SF:/home/conrado/Projetos/CicloDeVida/src/components/reserva/SliderGasto.js
FN:15,(anonymous_0)
FN:20,(anonymous_1)
FN:28,(anonymous_2)
FN:43,(anonymous_3)
FN:44,(anonymous_4)
FNF:5
FNH:3
FNDA:2,(anonymous_0)
FNDA:2,(anonymous_1)
FNDA:2,(anonymous_2)
FNDA:0,(anonymous_3)
FNDA:0,(anonymous_4)
DA:12,3
DA:16,2
DA:17,2
DA:21,2
DA:22,2
DA:23,2
DA:25,0
DA:29,2
DA:43,0
DA:44,0
LF:10
LH:7
BRDA:17,0,0,0
BRDA:17,0,1,2
BRDA:22,1,0,2
BRDA:22,1,1,0
BRF:4
BRH:2
end_of_record
TN:
SF:/home/conrado/Projetos/CicloDeVida/src/components/reserva/SliderReserva.js
FN:15,(anonymous_0)
FN:20,(anonymous_1)
FN:29,(anonymous_2)
FN:37,(anonymous_3)
FN:52,(anonymous_4)
FN:53,(anonymous_5)
FNF:6
FNH:4
FNDA:2,(anonymous_0)
FNDA:2,(anonymous_1)
FNDA:2,(anonymous_2)
FNDA:2,(anonymous_3)
FNDA:0,(anonymous_4)
FNDA:0,(anonymous_5)
DA:12,3
DA:16,2
DA:17,2
DA:21,2
DA:23,2
DA:24,2
DA:26,2
DA:30,2
DA:31,2
DA:32,2
DA:34,0
DA:38,2
DA:52,0
DA:53,0
LF:14
LH:11
BRDA:21,0,0,0
BRDA:21,0,1,2
BRDA:31,1,0,2
BRDA:31,1,1,0
BRF:4
BRH:2
end_of_record
TN:
SF:/home/conrado/Projetos/CicloDeVida/src/imgs/ic_car_white.png
FNF:0
FNH:0
DA:1,5
LF:1
LH:1
BRF:0
BRH:0
end_of_record
TN:
SF:/home/conrado/Projetos/CicloDeVida/src/imgs/ic_home_white.png
FNF:0
FNH:0
DA:1,5
LF:1
LH:1
BRF:0
BRH:0
end_of_record
TN:
SF:/home/conrado/Projetos/CicloDeVida/src/imgs/ic_money_white.png
FNF:0
FNH:0
DA:1,3
LF:1
LH:1
BRF:0
BRH:0
end_of_record
TN:
SF:/home/conrado/Projetos/CicloDeVida/src/imgs/ic_people_white.png
FNF:0
FNH:0
DA:1,2
LF:1
LH:1
BRF:0
BRH:0
end_of_record
TN:
SF:/home/conrado/Projetos/CicloDeVida/src/imgs/ic_stars_white.png
FNF:0
FNH:0
DA:1,2
LF:1
LH:1
BRF:0
BRH:0
end_of_record
TN:
SF:/home/conrado/Projetos/CicloDeVida/src/imgs/ic_vallet_white.png
FNF:0
FNH:0
DA:1,2
LF:1
LH:1
BRF:0
BRH:0
end_of_record
